17:54:56 **** Incremental Build of configuration Debug for project asdfg ****
make -j8 all 
arm-none-eabi-gcc "../Src/syscalls.c" -mcpu=cortex-m3 -std=gnu11 -g3 -DDEBUG -DSTM32F103RBTx -DSTM32 -DSTM32F1 -DNUCLEO_F103RB -c -I../Inc -O0 -ffunction-sections -fdata-sections -Wall -fstack-usage -fcyclomatic-complexity -MMD -MP -MF"Src/syscalls.d" -MT"Src/syscalls.o" --specs=nano.specs -mfloat-abi=soft -mthumb -o "Src/syscalls.o"
../Src/syscalls.c:32:10: fatal error: core_cm3.h: No such file or directory
   32 | #include "core_cm3.h"
      |          ^~~~~~~~~~~~
compilation terminated.
make: *** [Src/subdir.mk:25: Src/syscalls.o] Error 1
"make -j8 all" terminated with exit code 2. Build might be incomplete.

17:54:56 Build Failed. 2 errors, 0 warnings. (took 315ms)

